<?xml version="1.0" encoding="utf-8"?><testsuites name="pytest tests"><testsuite name="pytest" errors="0" failures="0" skipped="0" tests="13" time="3.274" timestamp="2026-08-26T18:51:36.291972+00:00" hostname="agent-env-712d3a6c-aba4-4e77-bcf3-7d3cefb7f8cf"><testcase classname="tests.test_foundation" name="test_api_root" time="0.529" /><testcase classname="tests.test_foundation" name="test_health" time="0.167" /><testcase classname="tests.test_foundation" name="test_health_db" time="0.229" /><testcase classname="tests.test_foundation" name="test_empty_list_endpoints[/v1/pokemon]" time="0.167" /><testcase classname="tests.test_foundation" name="test_empty_list_endpoints[/v1/moves]" time="0.289" /><testcase classname="tests.test_foundation" name="test_empty_list_endpoints[/v1/items]" time="0.153" /><testcase classname="tests.test_foundation" name="test_empty_list_endpoints[/v1/abilities]" time="0.186" /><testcase classname="tests.test_foundation" name="test_empty_list_endpoints[/v1/teams]" time="0.273" /><testcase classname="tests.test_foundation" name="test_empty_list_endpoints[/v1/tournaments]" time="0.156" /><testcase classname="tests.test_foundation" name="test_empty_list_endpoints[/v1/standings]" time="0.180" /><testcase classname="tests.test_foundation" name="test_empty_list_endpoints[/v1/meta/usage]" time="0.280" /><testcase classname="tests.test_foundation" name="test_empty_list_endpoints[/v1/cores]" time="0.176" /><testcase classname="tests.test_foundation" name="test_sources_registry" time="0.162" /></testsuite></testsuites>